average,70.43333333333334

generated-0,50.0
generated-1,50.0
generated-2,100.0
generated-3,100.0
generated-4,16.666666666666664
generated-5,100.0
generated-6,0.0
generated-7,100.0
generated-8,100.0
generated-9,27.500000000000004
generated-10,100.0
generated-11,0.0
generated-12,30.0
generated-13,50.0
generated-14,100.0
generated-15,100.0
generated-16,50.0
generated-17,100.0
generated-18,50.0
generated-19,100.0
generated-20,16.666666666666664
generated-21,100.0
generated-22,16.666666666666664
generated-23,100.0
generated-24,100.0
generated-25,100.0
generated-26,33.33333333333333
generated-27,50.0
generated-28,100.0
generated-29,100.0
generated-30,100.0
generated-31,100.0
generated-32,37.5
generated-33,100.0
generated-34,100.0
generated-35,100.0
generated-36,100.0
generated-37,0.0
generated-38,50.0
generated-39,100.0
generated-40,100.0
generated-41,100.0
generated-42,100.0
generated-43,100.0
generated-44,24.166666666666668
generated-45,50.0
generated-46,100.0
generated-47,40.0
generated-48,29.166666666666668
generated-49,50.0
