average,62.175

generated-0,33.33333333333333
generated-1,100.0
generated-2,100.0
generated-3,100.0
generated-4,43.333333333333336
generated-5,50.0
generated-6,33.33333333333333
generated-7,100.0
generated-8,100.0
generated-9,50.0
generated-10,15.138888888888888
generated-11,33.33333333333333
generated-12,100.0
generated-13,100.0
generated-14,41.66666666666667
generated-15,50.0
generated-16,100.0
generated-17,36.94444444444444
generated-18,0.0
generated-19,4.166666666666666
generated-20,100.0
generated-21,30.0
generated-22,16.666666666666664
generated-23,33.33333333333333
generated-24,25.0
generated-25,100.0
generated-26,100.0
generated-27,100.0
generated-28,100.0
generated-29,100.0
generated-30,30.555555555555557
generated-31,33.33333333333333
generated-32,45.0
generated-33,33.33333333333333
generated-34,100.0
generated-35,26.666666666666668
generated-36,50.0
generated-37,33.33333333333333
generated-38,100.0
generated-39,16.666666666666664
generated-40,30.833333333333336
generated-41,100.0
generated-42,50.0
generated-43,100.0
generated-44,100.0
generated-45,100.0
generated-46,12.777777777777777
generated-47,100.0
generated-48,100.0
generated-49,50.0
