average,70.4

generated-0,0.0
generated-1,100.0
generated-2,66.66666666666666
generated-3,100.0
generated-4,83.33333333333334
generated-5,83.33333333333334
generated-6,100.0
generated-7,100.0
generated-8,50.0
generated-9,100.0
generated-10,100.0
generated-11,100.0
generated-12,100.0
generated-13,80.0
generated-14,100.0
generated-15,0.0
generated-16,100.0
generated-17,100.0
generated-18,100.0
generated-19,100.0
generated-20,12.5
generated-21,50.0
generated-22,100.0
generated-23,50.0
generated-24,100.0
generated-25,46.666666666666664
generated-26,100.0
generated-27,25.0
generated-28,0.0
generated-29,83.33333333333334
generated-30,73.33333333333333
generated-31,100.0
generated-32,100.0
generated-33,100.0
generated-34,100.0
generated-35,65.83333333333333
generated-36,33.33333333333333
generated-37,100.0
generated-38,100.0
generated-39,100.0
generated-40,0.0
generated-41,66.66666666666666
generated-42,0.0
generated-43,0.0
generated-44,16.666666666666664
generated-45,100.0
generated-46,100.0
generated-47,83.33333333333334
generated-48,50.0
generated-49,0.0
