average,73.91666666666669

generated-0,100.0
generated-1,0.0
generated-2,100.0
generated-3,100.0
generated-4,100.0
generated-5,100.0
generated-6,0.0
generated-7,50.0
generated-8,33.33333333333333
generated-9,100.0
generated-10,100.0
generated-11,33.33333333333333
generated-12,75.0
generated-13,25.0
generated-14,100.0
generated-15,100.0
generated-16,100.0
generated-17,91.66666666666666
generated-18,100.0
generated-19,100.0
generated-20,100.0
generated-21,100.0
generated-22,100.0
generated-23,0.0
generated-24,100.0
generated-25,100.0
generated-26,100.0
generated-27,100.0
generated-28,100.0
generated-29,100.0
generated-30,50.0
generated-31,100.0
generated-32,83.33333333333334
generated-33,50.0
generated-34,12.5
generated-35,100.0
generated-36,100.0
generated-37,100.0
generated-38,50.0
generated-39,0.0
generated-40,100.0
generated-41,25.0
generated-42,0.0
generated-43,83.33333333333334
generated-44,100.0
generated-45,100.0
generated-46,100.0
generated-47,33.33333333333333
generated-48,100.0
generated-49,0.0
