average,69.33333333333334

generated-0,100.0
generated-1,16.666666666666664
generated-2,100.0
generated-3,100.0
generated-4,16.666666666666664
generated-5,100.0
generated-6,100.0
generated-7,50.0
generated-8,50.0
generated-9,100.0
generated-10,100.0
generated-11,25.0
generated-12,16.666666666666664
generated-13,100.0
generated-14,100.0
generated-15,100.0
generated-16,100.0
generated-17,16.666666666666664
generated-18,50.0
generated-19,50.0
generated-20,100.0
generated-21,50.0
generated-22,16.666666666666664
generated-23,50.0
generated-24,100.0
generated-25,33.33333333333333
generated-26,100.0
generated-27,100.0
generated-28,100.0
generated-29,100.0
generated-30,50.0
generated-31,0.0
generated-32,100.0
generated-33,50.0
generated-34,50.0
generated-35,100.0
generated-36,100.0
generated-37,50.0
generated-38,100.0
generated-39,50.0
generated-40,100.0
generated-41,100.0
generated-42,100.0
generated-43,0.0
generated-44,100.0
generated-45,0.0
generated-46,100.0
generated-47,25.0
generated-48,50.0
generated-49,100.0
