average,57.25920000000001

generated-0,13.76
generated-1,88.6
generated-2,100.0
generated-3,100.0
generated-4,100.0
generated-5,100.0
generated-6,9.16
generated-7,7.04
generated-8,47.24
generated-9,100.0
generated-10,68.0
generated-11,62.760000000000005
generated-12,100.0
generated-13,0.0
generated-14,50.56
generated-15,15.76
generated-16,64.88000000000001
generated-17,49.08
generated-18,33.76
generated-19,100.0
generated-20,95.36
generated-21,66.88
generated-22,0.0
generated-23,100.0
generated-24,0.0
generated-25,53.52
generated-26,42.0
generated-27,23.799999999999997
generated-28,100.0
generated-29,79.64
generated-30,0.0
generated-31,30.680000000000003
generated-32,58.040000000000006
generated-33,100.0
generated-34,58.199999999999996
generated-35,0.0
generated-36,13.44
generated-37,0.0
generated-38,100.0
generated-39,100.0
generated-40,65.8
generated-41,100.0
generated-42,100.0
generated-43,34.64
generated-44,100.0
generated-45,26.919999999999998
generated-46,83.52000000000001
generated-47,50.839999999999996
generated-48,34.239999999999995
generated-49,34.839999999999996
