average,65.5456

generated-0,100.0
generated-1,51.92
generated-2,44.24
generated-3,100.0
generated-4,0.0
generated-5,45.48
generated-6,93.2
generated-7,100.0
generated-8,21.4
generated-9,0.0
generated-10,50.760000000000005
generated-11,58.64
generated-12,100.0
generated-13,100.0
generated-14,73.68
generated-15,100.0
generated-16,96.0
generated-17,100.0
generated-18,90.08
generated-19,36.919999999999995
generated-20,21.12
generated-21,100.0
generated-22,47.52
generated-23,100.0
generated-24,53.12
generated-25,82.84
generated-26,54.52
generated-27,100.0
generated-28,77.2
generated-29,86.96000000000001
generated-30,61.8
generated-31,100.0
generated-32,56.64
generated-33,26.6
generated-34,27.52
generated-35,49.32
generated-36,51.480000000000004
generated-37,56.00000000000001
generated-38,25.119999999999997
generated-39,100.0
generated-40,75.28
generated-41,0.0
generated-42,0.0
generated-43,87.56
generated-44,100.0
generated-45,50.56
generated-46,100.0
generated-47,100.0
generated-48,100.0
generated-49,23.799999999999997
