average,64.67619047619048

generated-0,100.0
generated-1,22.22222222222222
generated-2,33.33333333333333
generated-3,100.0
generated-4,33.33333333333333
generated-5,100.0
generated-6,100.0
generated-7,39.523809523809526
generated-8,100.0
generated-9,32.12301587301587
generated-10,50.0
generated-11,100.0
generated-12,100.0
generated-13,100.0
generated-14,100.0
generated-15,100.0
generated-16,100.0
generated-17,0.0
generated-18,18.015873015873016
generated-19,100.0
generated-20,21.944444444444443
generated-21,100.0
generated-22,100.0
generated-23,100.0
generated-24,29.166666666666668
generated-25,50.0
generated-26,33.33333333333333
generated-27,100.0
generated-28,100.0
generated-29,100.0
generated-30,100.0
generated-31,14.583333333333334
generated-32,50.0
generated-33,25.0
generated-34,0.0
generated-35,50.0
generated-36,50.0
generated-37,100.0
generated-38,100.0
generated-39,12.5
generated-40,100.0
generated-41,10.0
generated-42,100.0
generated-43,33.33333333333333
generated-44,100.0
generated-45,28.749999999999996
generated-46,29.1468253968254
generated-47,30.0
generated-48,37.5
generated-49,100.0
