average,52.255199999999995

generated-0,100.0
generated-1,100.0
generated-2,26.040000000000003
generated-3,16.439999999999998
generated-4,15.040000000000001
generated-5,100.0
generated-6,100.0
generated-7,50.080000000000005
generated-8,18.4
generated-9,32.72
generated-10,41.32
generated-11,51.080000000000005
generated-12,0.0
generated-13,20.72
generated-14,48.92
generated-15,25.8
generated-16,31.119999999999997
generated-17,100.0
generated-18,49.4
generated-19,42.08
generated-20,32.64
generated-21,48.68
generated-22,24.2
generated-23,100.0
generated-24,33.52
generated-25,49.68
generated-26,34.4
generated-27,100.0
generated-28,34.12
generated-29,24.48
generated-30,20.560000000000002
generated-31,100.0
generated-32,49.08
generated-33,43.08
generated-34,15.68
generated-35,44.96
generated-36,28.560000000000002
generated-37,100.0
generated-38,49.64
generated-39,50.56
generated-40,100.0
generated-41,100.0
generated-42,24.8
generated-43,49.68
generated-44,100.0
generated-45,25.88
generated-46,100.0
generated-47,100.0
generated-48,12.16
generated-49,47.24
