average,72.20277777777777

generated-0,50.0
generated-1,20.0
generated-2,100.0
generated-3,41.66666666666667
generated-4,100.0
generated-5,100.0
generated-6,100.0
generated-7,100.0
generated-8,100.0
generated-9,50.0
generated-10,0.0
generated-11,85.41666666666666
generated-12,12.5
generated-13,100.0
generated-14,91.66666666666666
generated-15,83.33333333333334
generated-16,100.0
generated-17,25.0
generated-18,100.0
generated-19,0.0
generated-20,100.0
generated-21,25.0
generated-22,100.0
generated-23,87.5
generated-24,100.0
generated-25,100.0
generated-26,100.0
generated-27,100.0
generated-28,100.0
generated-29,100.0
generated-30,22.22222222222222
generated-31,0.0
generated-32,72.22222222222221
generated-33,100.0
generated-34,100.0
generated-35,100.0
generated-36,50.0
generated-37,50.0
generated-38,0.0
generated-39,6.666666666666667
generated-40,100.0
generated-41,100.0
generated-42,100.0
generated-43,100.0
generated-44,100.0
generated-45,86.94444444444444
generated-46,50.0
generated-47,100.0
generated-48,100.0
generated-49,0.0
