average,62.23359999999999

generated-0,100.0
generated-1,56.68
generated-2,44.56
generated-3,17.48
generated-4,11.559999999999999
generated-5,44.48
generated-6,0.0
generated-7,22.24
generated-8,93.2
generated-9,68.04
generated-10,85.39999999999999
generated-11,68.04
generated-12,56.00000000000001
generated-13,1.8800000000000001
generated-14,100.0
generated-15,85.6
generated-16,100.0
generated-17,86.96000000000001
generated-18,97.24000000000001
generated-19,90.56
generated-20,15.8
generated-21,100.0
generated-22,74.24
generated-23,45.32
generated-24,90.56
