average,58.52480000000001

generated-0,100.0
generated-1,48.84
generated-2,52.04
generated-3,50.12
generated-4,100.0
generated-5,34.239999999999995
generated-6,17.16
generated-7,100.0
generated-8,100.0
generated-9,100.0
generated-10,0.0
generated-11,25.0
generated-12,22.84
generated-13,26.08
generated-14,52.88
generated-15,49.96
generated-16,45.6
generated-17,41.44
generated-18,100.0
generated-19,100.0
generated-20,100.0
generated-21,100.0
generated-22,100.0
generated-23,33.64
generated-24,100.0
generated-25,29.2
generated-26,49.32
generated-27,27.560000000000002
generated-28,30.4
generated-29,49.72
generated-30,32.0
generated-31,100.0
generated-32,51.160000000000004
generated-33,100.0
generated-34,100.0
generated-35,33.08
generated-36,16.64
generated-37,0.0
generated-38,51.32
generated-39,100.0
generated-40,100.0
generated-41,49.8
generated-42,35.0
generated-43,19.56
generated-44,48.44
generated-45,47.199999999999996
generated-46,100.0
generated-47,31.879999999999995
generated-48,24.12
generated-49,100.0
