average,85.0

generated-0,100.0
generated-1,100.0
generated-2,100.0
generated-3,100.0
generated-4,100.0
generated-5,100.0
generated-6,100.0
generated-7,100.0
generated-8,33.33333333333333
generated-9,100.0
generated-10,100.0
generated-11,83.33333333333334
generated-12,100.0
generated-13,100.0
generated-14,83.33333333333334
generated-15,100.0
generated-16,0.0
generated-17,50.0
generated-18,83.33333333333334
generated-19,100.0
generated-20,100.0
generated-21,100.0
generated-22,100.0
generated-23,83.33333333333334
generated-24,100.0
generated-25,50.0
generated-26,100.0
generated-27,100.0
generated-28,100.0
generated-29,50.0
generated-30,100.0
generated-31,33.33333333333333
generated-32,100.0
generated-33,100.0
generated-34,100.0
generated-35,100.0
generated-36,0.0
generated-37,66.66666666666666
generated-38,50.0
generated-39,100.0
generated-40,100.0
generated-41,100.0
generated-42,100.0
generated-43,100.0
generated-44,100.0
generated-45,100.0
generated-46,0.0
generated-47,83.33333333333334
generated-48,100.0
generated-49,100.0
