average,54.48080000000001

generated-0,49.44
generated-1,100.0
generated-2,30.680000000000003
generated-3,34.8
generated-4,33.96
generated-5,0.0
generated-6,51.839999999999996
generated-7,100.0
generated-8,48.76
generated-9,100.0
generated-10,23.68
generated-11,37.68
generated-12,50.92
generated-13,18.12
generated-14,100.0
generated-15,100.0
generated-16,30.080000000000002
generated-17,23.400000000000002
generated-18,100.0
generated-19,100.0
generated-20,100.0
generated-21,31.680000000000003
generated-22,52.12
generated-23,49.44
generated-24,32.6
generated-25,15.479999999999999
generated-26,49.16
generated-27,49.36
generated-28,15.8
generated-29,29.24
generated-30,32.56
generated-31,4.6
generated-32,100.0
generated-33,100.0
generated-34,100.0
generated-35,33.64
generated-36,23.68
generated-37,100.0
generated-38,100.0
generated-39,50.03999999999999
generated-40,48.76
generated-41,23.599999999999998
generated-42,8.36
generated-43,28.28
generated-44,32.84
generated-45,100.0
generated-46,100.0
generated-47,50.4
generated-48,29.04
generated-49,100.0
