average,73.02579365079364

generated-0,100.0
generated-1,50.0
generated-2,75.0
generated-3,100.0
generated-4,37.5
generated-5,100.0
generated-6,50.0
generated-7,0.0
generated-8,33.33333333333333
generated-9,100.0
generated-10,100.0
generated-11,41.66666666666667
generated-12,33.33333333333333
generated-13,100.0
generated-14,100.0
generated-15,62.89682539682539
generated-16,47.22222222222222
generated-17,46.666666666666664
generated-18,100.0
generated-19,100.0
generated-20,100.0
generated-21,40.476190476190474
generated-22,47.61904761904761
generated-23,100.0
generated-24,100.0
generated-25,100.0
generated-26,47.91666666666667
generated-27,100.0
generated-28,100.0
generated-29,100.0
generated-30,100.0
generated-31,65.27777777777779
generated-32,63.33333333333333
generated-33,100.0
generated-34,100.0
generated-35,63.888888888888886
generated-36,94.44444444444444
generated-37,100.0
generated-38,100.0
generated-39,100.0
generated-40,100.0
generated-41,28.333333333333332
generated-42,59.04761904761905
generated-43,0.0
generated-44,46.666666666666664
generated-45,100.0
generated-46,16.666666666666664
generated-47,100.0
generated-48,100.0
generated-49,0.0
