average,44.736000000000004

generated-0,94.32000000000001
generated-1,100.0
generated-2,10.6
generated-3,0.0
generated-4,0.0
generated-5,8.200000000000001
generated-6,100.0
generated-7,0.0
generated-8,0.0
generated-9,93.16
generated-10,12.120000000000001
generated-11,100.0
generated-12,100.0
generated-13,0.0
generated-14,0.0
generated-15,100.0
generated-16,100.0
generated-17,0.0
generated-18,100.0
generated-19,0.0
generated-20,0.0
generated-21,100.0
generated-22,100.0
generated-23,0.0
generated-24,0.0
