average,45.40559999999999

generated-0,23.16
generated-1,100.0
generated-2,3.1199999999999997
generated-3,31.72
generated-4,100.0
generated-5,23.64
generated-6,100.0
generated-7,12.520000000000001
generated-8,3.7600000000000002
generated-9,34.52
generated-10,0.12
generated-11,10.639999999999999
generated-12,0.0
generated-13,17.24
generated-14,100.0
generated-15,0.0
generated-16,100.0
generated-17,0.0
generated-18,21.92
generated-19,21.12
generated-20,29.48
generated-21,35.4
generated-22,49.2
generated-23,100.0
generated-24,100.0
generated-25,6.0
generated-26,100.0
generated-27,9.92
generated-28,100.0
generated-29,100.0
generated-30,19.6
generated-31,6.4799999999999995
generated-32,18.2
generated-33,100.0
generated-34,14.08
generated-35,35.8
generated-36,50.63999999999999
generated-37,100.0
generated-38,49.0
generated-39,100.0
generated-40,9.520000000000001
generated-41,15.32
generated-42,0.0
generated-43,2.0
generated-44,100.0
generated-45,9.28
generated-46,100.0
generated-47,100.0
generated-48,100.0
generated-49,6.88
