average,50.4

generated-0,0.0
generated-1,100.0
generated-2,33.33333333333333
generated-3,100.0
generated-4,100.0
generated-5,100.0
generated-6,15.0
generated-7,50.0
generated-8,100.0
generated-9,100.0
generated-10,50.0
generated-11,50.0
generated-12,0.0
generated-13,50.0
generated-14,50.0
generated-15,0.0
generated-16,33.33333333333333
generated-17,50.0
generated-18,100.0
generated-19,32.5
generated-20,100.0
generated-21,100.0
generated-22,20.0
generated-23,33.33333333333333
generated-24,0.0
generated-25,100.0
generated-26,100.0
generated-27,0.0
generated-28,0.0
generated-29,40.0
generated-30,100.0
generated-31,29.166666666666668
generated-32,0.0
generated-33,0.0
generated-34,18.333333333333332
generated-35,100.0
generated-36,50.0
generated-37,16.666666666666664
generated-38,0.0
generated-39,0.0
generated-40,16.666666666666664
generated-41,31.666666666666664
generated-42,100.0
generated-43,100.0
generated-44,100.0
generated-45,100.0
generated-46,0.0
generated-47,100.0
generated-48,50.0
generated-49,0.0
