average,48.16666666666667

generated-0,50.0
generated-1,100.0
generated-2,0.0
generated-3,83.33333333333334
generated-4,0.0
generated-5,66.66666666666666
generated-6,0.0
generated-7,0.0
generated-8,0.0
generated-9,100.0
generated-10,50.0
generated-11,100.0
generated-12,0.0
generated-13,50.0
generated-14,100.0
generated-15,0.0
generated-16,50.0
generated-17,0.0
generated-18,91.66666666666666
generated-19,100.0
generated-20,100.0
generated-21,50.0
generated-22,0.0
generated-23,0.0
generated-24,0.0
generated-25,0.0
generated-26,0.0
generated-27,0.0
generated-28,0.0
generated-29,100.0
generated-30,75.0
generated-31,0.0
generated-32,100.0
generated-33,0.0
generated-34,16.666666666666664
generated-35,100.0
generated-36,100.0
generated-37,50.0
generated-38,41.66666666666667
generated-39,100.0
generated-40,100.0
generated-41,100.0
generated-42,100.0
generated-43,0.0
generated-44,0.0
generated-45,33.33333333333333
generated-46,0.0
generated-47,100.0
generated-48,100.0
generated-49,100.0
