average,51.08333333333333

generated-0,33.33333333333333
generated-1,0.0
generated-2,12.5
generated-3,100.0
generated-4,0.0
generated-5,33.33333333333333
generated-6,100.0
generated-7,100.0
generated-8,91.66666666666666
generated-9,0.0
generated-10,0.0
generated-11,0.0
generated-12,100.0
generated-13,16.666666666666664
generated-14,83.33333333333334
generated-15,33.33333333333333
generated-16,0.0
generated-17,14.166666666666666
generated-18,100.0
generated-19,0.0
generated-20,100.0
generated-21,0.0
generated-22,0.0
generated-23,100.0
generated-24,100.0
generated-25,100.0
generated-26,0.0
generated-27,100.0
generated-28,0.0
generated-29,100.0
generated-30,39.166666666666664
generated-31,10.0
generated-32,23.333333333333332
generated-33,83.33333333333334
generated-34,100.0
generated-35,100.0
generated-36,33.33333333333333
generated-37,0.0
generated-38,0.0
generated-39,91.66666666666666
generated-40,100.0
generated-41,13.333333333333334
generated-42,100.0
generated-43,100.0
generated-44,0.0
generated-45,100.0
generated-46,41.66666666666667
generated-47,100.0
generated-48,0.0
generated-49,100.0
