average,51.75158730158731

generated-0,10.714285714285714
generated-1,100.0
generated-2,83.33333333333334
generated-3,30.714285714285715
generated-4,34.523809523809526
generated-5,86.66666666666667
generated-6,23.333333333333332
generated-7,16.666666666666664
generated-8,0.0
generated-9,29.166666666666668
generated-10,0.0
generated-11,100.0
generated-12,100.0
generated-13,82.42063492063491
generated-14,0.0
generated-15,100.0
generated-16,0.0
generated-17,0.0
generated-18,97.02380952380952
generated-19,100.0
generated-20,100.0
generated-21,27.77777777777778
generated-22,0.0
generated-23,100.0
generated-24,100.0
generated-25,100.0
generated-26,50.0
generated-27,25.238095238095237
generated-28,14.642857142857144
generated-29,65.71428571428571
generated-30,100.0
generated-31,75.0
generated-32,100.0
generated-33,4.166666666666666
generated-34,100.0
generated-35,0.0
generated-36,100.0
generated-37,100.0
generated-38,25.0
generated-39,0.0
generated-40,0.0
generated-41,91.66666666666666
generated-42,50.0
generated-43,0.0
generated-44,0.0
generated-45,66.66666666666666
generated-46,0.0
generated-47,97.14285714285714
generated-48,0.0
generated-49,100.0
