average,31.9096

generated-0,49.88
generated-1,100.0
generated-2,0.0
generated-3,0.0
generated-4,0.0
generated-5,0.0
generated-6,29.28
generated-7,0.0
generated-8,44.6
generated-9,0.0
generated-10,0.0
generated-11,0.0
generated-12,43.919999999999995
generated-13,18.32
generated-14,89.16
generated-15,0.0
generated-16,59.84
generated-17,0.0
generated-18,0.0
generated-19,0.0
generated-20,0.0
generated-21,0.0
generated-22,81.44
generated-23,100.0
generated-24,68.47999999999999
generated-25,0.0
generated-26,0.0
generated-27,0.0
generated-28,0.0
generated-29,0.0
generated-30,91.56
generated-31,18.279999999999998
generated-32,17.560000000000002
generated-33,0.0
generated-34,31.480000000000004
generated-35,100.0
generated-36,24.72
generated-37,0.0
generated-38,65.72
generated-39,100.0
generated-40,0.0
generated-41,46.2
generated-42,67.56
generated-43,100.0
generated-44,100.0
generated-45,100.0
generated-46,4.5600000000000005
generated-47,10.24
generated-48,0.0
generated-49,32.68
