average,32.686400000000006

generated-0,0.36
generated-1,5.319999999999999
generated-2,100.0
generated-3,0.0
generated-4,25.96
generated-5,0.0
generated-6,16.96
generated-7,32.04
generated-8,0.44
generated-9,12.16
generated-10,6.92
generated-11,5.4399999999999995
generated-12,16.56
generated-13,8.12
generated-14,22.52
generated-15,100.0
generated-16,2.44
generated-17,1.72
generated-18,51.080000000000005
generated-19,100.0
generated-20,0.0
generated-21,50.0
generated-22,6.4799999999999995
generated-23,21.84
generated-24,3.84
generated-25,33.040000000000006
generated-26,31.480000000000004
generated-27,6.32
generated-28,50.28
generated-29,33.52
generated-30,0.0
generated-31,100.0
generated-32,100.0
generated-33,100.0
generated-34,100.0
generated-35,100.0
generated-36,33.08
generated-37,20.4
generated-38,6.72
generated-39,21.240000000000002
generated-40,0.0
generated-41,0.0
generated-42,100.0
generated-43,0.0
generated-44,0.0
generated-45,49.32
generated-46,7.64
generated-47,51.080000000000005
generated-48,100.0
generated-49,0.0
