average,35.53611111111111

generated-0,0.0
generated-1,100.0
generated-2,50.0
generated-3,0.0
generated-4,50.0
generated-5,0.0
generated-6,33.33333333333333
generated-7,100.0
generated-8,26.666666666666668
generated-9,0.0
generated-10,100.0
generated-11,25.0
generated-12,33.33333333333333
generated-13,100.0
generated-14,7.361111111111112
generated-15,100.0
generated-16,18.333333333333332
generated-17,16.666666666666664
generated-18,100.0
generated-19,29.166666666666668
generated-20,0.0
generated-21,12.5
generated-22,0.0
generated-23,50.0
generated-24,100.0
generated-25,100.0
generated-26,100.0
generated-27,100.0
generated-28,5.555555555555555
generated-29,33.33333333333333
generated-30,7.222222222222221
generated-31,30.833333333333336
generated-32,16.666666666666664
generated-33,0.0
generated-34,20.833333333333336
generated-35,38.333333333333336
generated-36,22.22222222222222
generated-37,0.0
generated-38,0.0
generated-39,8.333333333333332
generated-40,2.7777777777777777
generated-41,21.666666666666668
generated-42,50.0
generated-43,50.0
generated-44,0.0
generated-45,0.0
generated-46,16.666666666666664
generated-47,0.0
generated-48,0.0
generated-49,100.0
