average,47.83333333333334

generated-0,0.0
generated-1,0.0
generated-2,100.0
generated-3,0.0
generated-4,100.0
generated-5,100.0
generated-6,100.0
generated-7,16.666666666666664
generated-8,33.33333333333333
generated-9,29.166666666666668
generated-10,25.0
generated-11,100.0
generated-12,50.0
generated-13,100.0
generated-14,50.0
generated-15,33.33333333333333
generated-16,0.0
generated-17,100.0
generated-18,41.66666666666667
generated-19,0.0
generated-20,100.0
generated-21,0.0
generated-22,50.0
generated-23,100.0
generated-24,100.0
generated-25,12.5
generated-26,33.33333333333333
generated-27,100.0
generated-28,100.0
generated-29,0.0
generated-30,0.0
generated-31,100.0
generated-32,100.0
generated-33,100.0
generated-34,50.0
generated-35,100.0
generated-36,33.33333333333333
generated-37,33.33333333333333
generated-38,50.0
generated-39,100.0
generated-40,16.666666666666664
generated-41,50.0
generated-42,0.0
generated-43,33.33333333333333
generated-44,50.0
generated-45,0.0
generated-46,0.0
generated-47,0.0
generated-48,0.0
generated-49,0.0
