average,30.444000000000003

generated-0,54.0
generated-1,72.32
generated-2,0.0
generated-3,96.32
generated-4,5.88
generated-5,0.0
generated-6,0.0
generated-7,0.0
generated-8,0.0
generated-9,0.0
generated-10,0.0
generated-11,0.0
generated-12,0.0
generated-13,0.0
generated-14,0.0
generated-15,0.0
generated-16,100.0
generated-17,0.0
generated-18,0.0
generated-19,0.0
generated-20,0.0
generated-21,51.76
generated-22,0.0
generated-23,100.0
generated-24,100.0
generated-25,83.64
generated-26,0.0
generated-27,0.0
generated-28,50.63999999999999
generated-29,0.0
generated-30,19.56
generated-31,26.240000000000002
generated-32,100.0
generated-33,26.919999999999998
generated-34,0.0
generated-35,0.0
generated-36,58.36
generated-37,26.68
generated-38,49.32
generated-39,100.0
generated-40,15.4
generated-41,0.0
generated-42,100.0
generated-43,100.0
generated-44,100.0
generated-45,0.0
generated-46,0.0
generated-47,0.0
generated-48,79.4
generated-49,5.76
