average,32.4704

generated-0,13.52
generated-1,50.03999999999999
generated-2,27.560000000000002
generated-3,100.0
generated-4,0.96
generated-5,25.080000000000002
generated-6,32.12
generated-7,50.760000000000005
generated-8,49.6
generated-9,50.03999999999999
generated-10,10.48
generated-11,31.04
generated-12,7.08
generated-13,15.52
generated-14,100.0
generated-15,0.0
generated-16,12.120000000000001
generated-17,0.0
generated-18,6.5600000000000005
generated-19,14.16
generated-20,25.480000000000004
generated-21,33.36
generated-22,0.0
generated-23,33.64
generated-24,12.839999999999998
generated-25,50.0
generated-26,2.48
generated-27,20.48
generated-28,50.12
generated-29,3.16
generated-30,0.16
generated-31,100.0
generated-32,0.0
generated-33,29.360000000000003
generated-34,4.3999999999999995
generated-35,100.0
generated-36,5.800000000000001
generated-37,22.88
generated-38,50.32
generated-39,0.0
generated-40,35.0
generated-41,100.0
generated-42,51.12
generated-43,49.64
generated-44,49.08
generated-45,25.28
generated-46,25.28
generated-47,14.24
generated-48,32.76
generated-49,100.0
