average,54.17222222222222

generated-0,100.0
generated-1,19.444444444444446
generated-2,96.66666666666667
generated-3,88.88888888888889
generated-4,0.0
generated-5,22.22222222222222
generated-6,57.22222222222222
generated-7,100.0
generated-8,33.33333333333333
generated-9,91.66666666666666
generated-10,25.0
generated-11,0.0
generated-12,100.0
generated-13,100.0
generated-14,0.0
generated-15,91.66666666666666
generated-16,66.66666666666666
generated-17,25.0
generated-18,13.88888888888889
generated-19,100.0
generated-20,0.0
generated-21,100.0
generated-22,0.0
generated-23,0.0
generated-24,100.0
generated-25,100.0
generated-26,0.0
generated-27,100.0
generated-28,50.0
generated-29,95.0
generated-30,84.72222222222221
generated-31,0.0
generated-32,0.0
generated-33,0.0
generated-34,25.0
generated-35,0.0
generated-36,33.33333333333333
generated-37,100.0
generated-38,88.88888888888889
generated-39,100.0
generated-40,0.0
generated-41,0.0
generated-42,0.0
generated-43,0.0
generated-44,100.0
generated-45,100.0
generated-46,100.0
generated-47,100.0
generated-48,100.0
generated-49,100.0
