average,70.00000000000001

generated-0,100.0
generated-1,50.0
generated-2,100.0
generated-3,100.0
generated-4,100.0
generated-5,16.666666666666664
generated-6,100.0
generated-7,100.0
generated-8,50.0
generated-9,0.0
generated-10,0.0
generated-11,100.0
generated-12,100.0
generated-13,100.0
generated-14,16.666666666666664
generated-15,100.0
generated-16,100.0
generated-17,50.0
generated-18,100.0
generated-19,0.0
generated-20,100.0
generated-21,100.0
generated-22,0.0
generated-23,100.0
generated-24,33.33333333333333
generated-25,100.0
generated-26,50.0
generated-27,100.0
generated-28,100.0
generated-29,50.0
generated-30,0.0
generated-31,100.0
generated-32,0.0
generated-33,33.33333333333333
generated-34,50.0
generated-35,100.0
generated-36,33.33333333333333
generated-37,100.0
generated-38,100.0
generated-39,100.0
generated-40,50.0
generated-41,33.33333333333333
generated-42,100.0
generated-43,50.0
generated-44,100.0
generated-45,100.0
generated-46,33.33333333333333
generated-47,100.0
generated-48,100.0
generated-49,100.0
