average,36.48452380952381

generated-0,0.0
generated-1,100.0
generated-2,33.33333333333333
generated-3,0.0
generated-4,100.0
generated-5,100.0
generated-6,7.142857142857142
generated-7,20.0
generated-8,4.444444444444445
generated-9,27.500000000000004
generated-10,0.0
generated-11,100.0
generated-12,16.666666666666664
generated-13,26.25
generated-14,0.0
generated-15,32.22222222222222
generated-16,8.333333333333332
generated-17,100.0
generated-18,33.05555555555556
generated-19,0.0
generated-20,100.0
generated-21,18.333333333333332
generated-22,20.0
generated-23,50.0
generated-24,0.0
generated-25,35.833333333333336
generated-26,0.0
generated-27,25.0
generated-28,100.0
generated-29,100.0
generated-30,33.33333333333333
generated-31,0.0
generated-32,0.0
generated-33,25.0
generated-34,100.0
generated-35,100.0
generated-36,0.0
generated-37,0.0
generated-38,0.0
generated-39,0.0
generated-40,25.0
generated-41,10.0
generated-42,50.0
generated-43,0.0
generated-44,33.33333333333333
generated-45,100.0
generated-46,100.0
generated-47,39.44444444444444
generated-48,0.0
generated-49,50.0
