average,25.0

ED-00004-00000115,25.0
ED-00004-00000101,25.0
ED-00004-00000129,25.0
ED-00004-00000128,25.0
ED-00004-00000114,25.0
ED-00004-00000102,25.0
ED-00004-00000116,25.0
ED-00004-00000117,25.0
ED-00004-00000103,25.0
ED-00004-00000107,25.0
ED-00004-00000113,25.0
ED-00004-00000112,25.0
ED-00004-00000106,25.0
ED-00004-00000138,25.0
ED-00004-00000110,25.0
ED-00004-00000104,25.0
ED-00004-00000105,25.0
ED-00004-00000111,25.0
ED-00004-00000139,25.0
ED-00004-00000189,25.0
ED-00004-00000176,25.0
ED-00004-00000162,25.0
ED-00004-00000200,25.0
ED-00004-00000163,25.0
ED-00004-00000177,25.0
ED-00004-00000188,25.0
ED-00004-00000161,25.0
ED-00004-00000175,25.0
ED-00004-00000149,25.0
ED-00004-00000148,25.0
ED-00004-00000174,25.0
ED-00004-00000160,25.0
ED-00004-00000158,25.0
ED-00004-00000164,25.0
ED-00004-00000170,25.0
ED-00004-00000171,25.0
ED-00004-00000165,25.0
ED-00004-00000159,25.0
ED-00004-00000198,25.0
ED-00004-00000173,25.0
ED-00004-00000167,25.0
ED-00004-00000166,25.0
ED-00004-00000172,25.0
ED-00004-00000199,25.0
ED-00004-00000194,25.0
ED-00004-00000180,25.0
ED-00004-00000157,25.0
ED-00004-00000143,25.0
ED-00024-00000001,25.0
ED-00004-00000142,25.0
ED-00004-00000156,25.0
ED-00004-00000181,25.0
ED-00004-00000195,25.0
ED-00004-00000183,25.0
ED-00004-00000197,25.0
ED-00004-00000140,25.0
ED-00004-00000154,25.0
ED-00025-00000004,25.0
ED-00004-00000168,25.0
ED-00024-00000003,25.0
ED-00024-00000002,25.0
ED-00004-00000169,25.0
ED-00004-00000155,25.0
ED-00004-00000141,25.0
ED-00004-00000196,25.0
ED-00004-00000182,25.0
ED-00004-00000186,25.0
ED-00004-00000192,25.0
ED-00025-00000001,25.0
ED-00004-00000179,25.0
ED-00004-00000145,25.0
ED-00004-00000151,25.0
ED-00004-00000150,25.0
ED-00004-00000144,25.0
ED-00004-00000178,25.0
ED-00004-00000193,25.0
ED-00004-00000187,25.0
ED-00004-00000191,25.0
ED-00004-00000185,25.0
ED-00025-00000002,25.0
ED-00004-00000152,25.0
ED-00004-00000146,25.0
ED-00024-00000004,25.0
ED-00004-00000147,25.0
ED-00004-00000153,25.0
ED-00025-00000003,25.0
ED-00004-00000184,25.0
ED-00004-00000190,25.0
ED-00004-00000134,25.0
ED-00004-00000120,25.0
ED-00004-00000108,25.0
ED-00004-00000109,25.0
ED-00004-00000121,25.0
ED-00004-00000135,25.0
ED-00004-00000123,25.0
ED-00004-00000137,25.0
ED-00004-00000136,25.0
ED-00004-00000122,25.0
ED-00004-00000126,25.0
ED-00004-00000132,25.0
ED-00004-00000133,25.0
ED-00004-00000127,25.0
ED-00004-00000119,25.0
ED-00004-00000131,25.0
ED-00004-00000125,25.0
ED-00004-00000124,25.0
ED-00004-00000130,25.0
ED-00004-00000118,25.0
