average,33.33333333333337

ED-00004-00000061,33.33333333333333
ED-00004-00000075,33.33333333333333
ED-00004-00000049,33.33333333333333
ED-00004-00000048,33.33333333333333
ED-00004-00000074,33.33333333333333
ED-00004-00000060,33.33333333333333
ED-00004-00000100,33.33333333333333
ED-00004-00000089,33.33333333333333
ED-00004-00000076,33.33333333333333
ED-00004-00000062,33.33333333333333
ED-00004-00000063,33.33333333333333
ED-00004-00000077,33.33333333333333
ED-00004-00000088,33.33333333333333
ED-00004-00000098,33.33333333333333
ED-00004-00000073,33.33333333333333
ED-00004-00000067,33.33333333333333
ED-00004-00000066,33.33333333333333
ED-00004-00000072,33.33333333333333
ED-00004-00000099,33.33333333333333
ED-00004-00000058,33.33333333333333
ED-00004-00000064,33.33333333333333
ED-00004-00000070,33.33333333333333
ED-00004-00000071,33.33333333333333
ED-00004-00000065,33.33333333333333
ED-00004-00000059,33.33333333333333
ED-00004-00000002,33.33333333333333
ED-00004-00000016,33.33333333333333
ED-00004-00000017,33.33333333333333
ED-00004-00000003,33.33333333333333
ED-00004-00000015,33.33333333333333
ED-00004-00000001,33.33333333333333
ED-00004-00000029,33.33333333333333
ED-00004-00000028,33.33333333333333
ED-00004-00000014,33.33333333333333
ED-00004-00000038,33.33333333333333
ED-00004-00000010,33.33333333333333
ED-00004-00000004,33.33333333333333
ED-00004-00000005,33.33333333333333
ED-00004-00000011,33.33333333333333
ED-00004-00000039,33.33333333333333
ED-00004-00000007,33.33333333333333
ED-00004-00000013,33.33333333333333
ED-00004-00000012,33.33333333333333
ED-00004-00000006,33.33333333333333
ED-00004-00000023,33.33333333333333
ED-00004-00000037,33.33333333333333
ED-00004-00000036,33.33333333333333
ED-00004-00000022,33.33333333333333
ED-00004-00000034,33.33333333333333
ED-00004-00000020,33.33333333333333
ED-00004-00000008,33.33333333333333
ED-00004-00000009,33.33333333333333
ED-00004-00000021,33.33333333333333
ED-00004-00000035,33.33333333333333
ED-00004-00000019,33.33333333333333
ED-00004-00000031,33.33333333333333
ED-00004-00000025,33.33333333333333
ED-00004-00000024,33.33333333333333
ED-00004-00000030,33.33333333333333
ED-00004-00000018,33.33333333333333
ED-00004-00000026,33.33333333333333
ED-00004-00000032,33.33333333333333
ED-00004-00000033,33.33333333333333
ED-00004-00000027,33.33333333333333
ED-00004-00000083,33.33333333333333
ED-00004-00000097,33.33333333333333
ED-00004-00000040,33.33333333333333
ED-00004-00000054,33.33333333333333
ED-00004-00000068,33.33333333333333
ED-00004-00000069,33.33333333333333
ED-00004-00000055,33.33333333333333
ED-00004-00000041,33.33333333333333
ED-00004-00000096,33.33333333333333
ED-00004-00000082,33.33333333333333
ED-00004-00000094,33.33333333333333
ED-00004-00000080,33.33333333333333
ED-00004-00000057,33.33333333333333
ED-00004-00000043,33.33333333333333
ED-00004-00000042,33.33333333333333
ED-00004-00000056,33.33333333333333
ED-00004-00000081,33.33333333333333
ED-00004-00000095,33.33333333333333
ED-00004-00000091,33.33333333333333
ED-00004-00000085,33.33333333333333
ED-00004-00000052,33.33333333333333
ED-00004-00000046,33.33333333333333
ED-00004-00000047,33.33333333333333
ED-00004-00000053,33.33333333333333
ED-00004-00000084,33.33333333333333
ED-00004-00000090,33.33333333333333
ED-00004-00000086,33.33333333333333
ED-00004-00000092,33.33333333333333
ED-00004-00000079,33.33333333333333
ED-00004-00000045,33.33333333333333
ED-00004-00000051,33.33333333333333
ED-00004-00000050,33.33333333333333
ED-00004-00000044,33.33333333333333
ED-00004-00000078,33.33333333333333
ED-00004-00000093,33.33333333333333
ED-00004-00000087,33.33333333333333
