Profile:

	 1 │ d a b c e g f 
	 2 │ f c a b g e d 
	 3 │ c b g a e f d 
	 4 │ b a f c g e d 
	 5 │ f e b c g d a 
	 6 │ g f c a e d b 
	 7 │ a d b g e c f 
	 8 │ f a g c b e d 
	 9 │ f c g b e d a 
	10 │ f b e a d c g 
	11 │ g e c a d f b 
	12 │ g c f e d b a 
	13 │ c g a d b e f 
	14 │ d a c e b g f 
	15 │ g e f a c d b 
	16 │ c f a g d e b 
	17 │ f g c d e a b 
	18 │ a g b d c e f 
	19 │ d c f b g e a 
	20 │ c a b f e g d 
	21 │ g f b a c d e 
	22 │ c f e g b d a 
	23 │ a d f g c b e 
	24 │ c b f d g e a 
	25 │ d b c e g f a 
	26 │ a c g d b e f 
	27 │ f d g b a e c 
	28 │ f c b e d a g 
	29 │ b f e c g a d 
	30 │ c e b f a d g 
	31 │ f g d c b a e 
	32 │ f a e d c b g 
	33 │ g e d b a f c 
	34 │ g f e b c d a 
	35 │ d b g f a c e 
	36 │ e a f d g b c 
	37 │ e f b c d a g 
	38 │ d c g a b f e 
	39 │ f d g e b a c 
	40 │ b e g f a d c 
	41 │ a f c e d g b 
	42 │ c a g d b f e 
	43 │ f c g e a d b 
	44 │ e d f c b a g 
	45 │ e f b d a g c 
	46 │ g f c e a b d 
	47 │ f b e d g c a 
	48 │ c g b e a d f 
	49 │ g d b f e a c 
	50 │ d f e c a b g 


1,14.285714285714285
2,14.285714285714285
3,14.285714285714285
4,14.285714285714285
5,14.285714285714285
6,14.285714285714285
7,14.285714285714285
8,14.285714285714285
9,14.285714285714285
10,14.285714285714285
11,14.285714285714285
12,14.285714285714285
13,14.285714285714285
14,14.285714285714285
15,14.285714285714285
16,14.285714285714285
17,14.285714285714285
18,28.57142857142857
19,57.14285714285714
20,66.66666666666666
21,80.95238095238095
22,79.76190476190477
23,100.0
24,100.0
25,100.0
26,100.0
27,100.0
28,100.0
29,80.95238095238095
30,80.95238095238095
31,66.66666666666666
32,57.14285714285714
33,28.57142857142857
34,14.285714285714285
35,14.285714285714285
36,14.285714285714285
37,14.285714285714285
38,14.285714285714285
39,14.285714285714285
40,14.285714285714285
41,14.285714285714285
42,14.285714285714285
43,14.285714285714285
44,14.285714285714285
45,14.285714285714285
46,14.285714285714285
47,14.285714285714285
48,14.285714285714285
49,14.285714285714285
50,14.285714285714285
