Profile:

	 1 │ a b 
	 2 │ b a 
	 3 │ b a 
	 4 │ b a 
	 5 │ a b 
	 6 │ b a 
	 7 │ b a 
	 8 │ a b 
	 9 │ a b 
	10 │ b a 
	11 │ a b 
	12 │ b a 
	13 │ b a 
	14 │ b a 
	15 │ a b 
	16 │ b a 
	17 │ b a 
	18 │ a b 
	19 │ a b 
	20 │ b a 
	21 │ a b 
	22 │ a b 
	23 │ b a 
	24 │ a b 
	25 │ a b 
	26 │ b a 
	27 │ b a 
	28 │ a b 
	29 │ b a 
	30 │ a b 
	31 │ a b 
	32 │ a b 
	33 │ b a 
	34 │ b a 
	35 │ b a 
	36 │ a b 
	37 │ b a 
	38 │ b a 
	39 │ a b 
	40 │ a b 
	41 │ a b 
	42 │ a b 
	43 │ a b 
	44 │ a b 
	45 │ b a 
	46 │ a b 
	47 │ a b 
	48 │ a b 
	49 │ b a 
	50 │ b a 


1,50.0
2,50.0
3,50.0
4,50.0
5,50.0
6,50.0
7,50.0
8,50.0
9,50.0
10,50.0
11,50.0
12,50.0
13,50.0
14,50.0
15,50.0
16,50.0
17,50.0
18,50.0
19,50.0
20,50.0
21,50.0
22,50.0
23,50.0
24,50.0
25,100.0
26,100.0
27,50.0
28,50.0
29,50.0
30,50.0
31,50.0
32,50.0
33,50.0
34,50.0
35,50.0
36,50.0
37,50.0
38,50.0
39,50.0
40,50.0
41,50.0
42,50.0
43,50.0
44,50.0
45,50.0
46,50.0
47,50.0
48,50.0
49,50.0
50,50.0
