Profile:

	 1 │ c d b e a 
	 2 │ d c e a b 
	 3 │ a b c e d 
	 4 │ d c a b e 
	 5 │ b c e a d 
	 6 │ e b a d c 
	 7 │ b a e d c 
	 8 │ b e a c d 
	 9 │ b c e a d 
	10 │ b d e c a 
	11 │ c d b a e 
	12 │ a e b c d 
	13 │ a c b d e 
	14 │ b e a c d 
	15 │ e a d b c 
	16 │ b c d a e 
	17 │ d c e a b 
	18 │ a d c e b 
	19 │ c a b d e 
	20 │ d a e b c 
	21 │ d c e b a 
	22 │ a c d e b 
	23 │ b d c e a 
	24 │ b d e c a 
	25 │ d b e a c 
	26 │ a c e b d 
	27 │ c b a d e 
	28 │ c b a d e 
	29 │ b c a d e 
	30 │ a b d e c 
	31 │ a d e c b 
	32 │ e a b d c 
	33 │ d e a b c 
	34 │ d e c a b 
	35 │ c e d a b 
	36 │ d e c a b 
	37 │ a d e b c 
	38 │ d e b c a 
	39 │ b c e a d 
	40 │ e c d a b 
	41 │ b d c a e 
	42 │ d e b a c 
	43 │ a c d e b 
	44 │ e c d a b 
	45 │ d c b e a 
	46 │ b d c e a 
	47 │ a e c d b 
	48 │ d b e a c 
	49 │ e c b d a 
	50 │ c a e b d 


1,20.0
2,20.0
3,20.0
4,20.0
5,20.0
6,20.0
7,20.0
8,20.0
9,20.0
10,20.0
11,20.0
12,20.0
13,20.0
14,20.0
15,20.0
16,20.0
17,20.0
18,20.0
19,40.0
20,40.0
21,40.0
22,40.0
23,46.666666666666664
24,46.666666666666664
25,55.833333333333336
26,50.0
27,40.0
28,40.0
29,40.0
30,40.0
31,40.0
32,40.0
33,20.0
34,20.0
35,20.0
36,20.0
37,20.0
38,20.0
39,20.0
40,20.0
41,20.0
42,20.0
43,20.0
44,20.0
45,20.0
46,20.0
47,20.0
48,20.0
49,20.0
50,20.0
