Profile:

	 1 │ b d a e f c 
	 2 │ a c d e f b 
	 3 │ f d a e b c 
	 4 │ a e f b d c 
	 5 │ a b c f e d 
	 6 │ a c b d f e 
	 7 │ e b a c d f 
	 8 │ e b a f c d 
	 9 │ d a e f c b 
	10 │ e c d b f a 
	11 │ b a d f e c 
	12 │ a d f e c b 
	13 │ c f b d e a 
	14 │ a d f b e c 
	15 │ f b c d a e 
	16 │ a f b c d e 
	17 │ f e b a c d 
	18 │ b f c e a d 
	19 │ f b a e d c 
	20 │ c e d b f a 
	21 │ a f d c b e 
	22 │ d e c f b a 
	23 │ c d a e b f 
	24 │ f e a b d c 
	25 │ b d e c f a 
	26 │ e a d b f c 
	27 │ c b e f d a 
	28 │ b e d c a f 
	29 │ d b c a e f 
	30 │ b a d c f e 
	31 │ a f b c e d 
	32 │ b e d c f a 
	33 │ e b c a f d 
	34 │ f c a d b e 
	35 │ b f a c e d 
	36 │ e f a c b d 
	37 │ e b d c f a 
	38 │ a b c e d f 
	39 │ d c f e a b 
	40 │ c a f d e b 
	41 │ e d f a b c 
	42 │ c a b d f e 
	43 │ b e d f c a 
	44 │ f d e a b c 
	45 │ e a f b c d 
	46 │ b c d a e f 
	47 │ b e f d c a 
	48 │ f d a b c e 
	49 │ f d b e a c 
	50 │ b e d a f c 


1,16.666666666666664
2,16.666666666666664
3,16.666666666666664
4,16.666666666666664
5,16.666666666666664
6,16.666666666666664
7,16.666666666666664
8,16.666666666666664
9,16.666666666666664
10,16.666666666666664
11,16.666666666666664
12,16.666666666666664
13,16.666666666666664
14,16.666666666666664
15,16.666666666666664
16,16.666666666666664
17,33.33333333333333
18,33.33333333333333
19,33.33333333333333
20,50.0
21,50.0
22,41.66666666666667
23,58.333333333333336
24,58.333333333333336
25,100.0
26,100.0
27,58.333333333333336
28,58.333333333333336
29,41.66666666666667
30,50.0
31,50.0
32,33.33333333333333
33,33.33333333333333
34,33.33333333333333
35,16.666666666666664
36,16.666666666666664
37,16.666666666666664
38,16.666666666666664
39,16.666666666666664
40,16.666666666666664
41,16.666666666666664
42,16.666666666666664
43,16.666666666666664
44,16.666666666666664
45,16.666666666666664
46,16.666666666666664
47,16.666666666666664
48,16.666666666666664
49,16.666666666666664
50,16.666666666666664
