Profile:

	 1 │ f e c b d g a 
	 2 │ f d a e c b g 
	 3 │ g d a b c f e 
	 4 │ b e d f a c g 
	 5 │ a c g e b f d 
	 6 │ b g f a c d e 
	 7 │ f c b g a d e 
	 8 │ g d b c f a e 
	 9 │ c e g f d a b 
	10 │ f e b d g c a 
	11 │ f g c a e b d 
	12 │ b c d g f e a 
	13 │ e g f a b d c 
	14 │ b d e a f g c 
	15 │ a c g e b d f 
	16 │ d b f e c a g 
	17 │ c g d f b a e 
	18 │ b a g d e c f 
	19 │ d b g a c e f 
	20 │ e b d f a g c 
	21 │ f a d c e b g 
	22 │ c e f g b d a 
	23 │ d c e a f g b 
	24 │ e a c f g b d 
	25 │ a d b c f g e 
	26 │ f c e b d a g 
	27 │ g c a d f e b 
	28 │ d c f g a e b 
	29 │ b e c f d a g 
	30 │ d a b e f c g 
	31 │ c a e b f d g 
	32 │ f c b e a g d 
	33 │ b d a f g c e 
	34 │ f a d e g c b 
	35 │ a b c d f e g 
	36 │ e a b g c f d 
	37 │ d b a e f c g 
	38 │ d c e a g b f 
	39 │ b e f d a c g 
	40 │ b g c d f e a 
	41 │ g d b f c e a 
	42 │ g d a c b e f 
	43 │ d a b c f g e 
	44 │ c b a d e f g 
	45 │ d a g e c f b 
	46 │ e b a g f d c 
	47 │ e c g d b a f 
	48 │ b f e g c a d 
	49 │ a b g f c d e 
	50 │ d c f a b e g 


1,14.285714285714285
2,14.285714285714285
3,14.285714285714285
4,14.285714285714285
5,14.285714285714285
6,14.285714285714285
7,14.285714285714285
8,14.285714285714285
9,14.285714285714285
10,14.285714285714285
11,14.285714285714285
12,14.285714285714285
13,14.285714285714285
14,14.285714285714285
15,14.285714285714285
16,14.285714285714285
17,14.285714285714285
18,14.285714285714285
19,14.285714285714285
20,20.0
21,20.0
22,20.0
23,25.0
24,33.33333333333333
25,100.0
26,100.0
27,76.38888888888889
28,62.46031746031746
29,34.285714285714285
30,35.714285714285715
31,42.857142857142854
32,14.285714285714285
33,14.285714285714285
34,14.285714285714285
35,14.285714285714285
36,14.285714285714285
37,14.285714285714285
38,14.285714285714285
39,14.285714285714285
40,14.285714285714285
41,14.285714285714285
42,14.285714285714285
43,14.285714285714285
44,14.285714285714285
45,14.285714285714285
46,14.285714285714285
47,14.285714285714285
48,14.285714285714285
49,14.285714285714285
50,14.285714285714285
