Profile:

	 1 │ c d b a 
	 2 │ c a d b 
	 3 │ b c a d 
	 4 │ b c d a 
	 5 │ d a b c 
	 6 │ d c b a 
	 7 │ b c d a 
	 8 │ a c d b 
	 9 │ c d a b 
	10 │ c b d a 
	11 │ b a d c 
	12 │ d b c a 
	13 │ b c d a 
	14 │ c b a d 
	15 │ b a d c 
	16 │ b a c d 
	17 │ b d a c 
	18 │ b a d c 
	19 │ c d b a 
	20 │ b a d c 
	21 │ b a c d 
	22 │ d c b a 
	23 │ b a c d 
	24 │ b d c a 
	25 │ c d b a 
	26 │ b d a c 
	27 │ c b a d 
	28 │ b a d c 
	29 │ b a d c 
	30 │ a d b c 
	31 │ d a c b 
	32 │ d b a c 
	33 │ b a d c 
	34 │ b d a c 
	35 │ a d b c 
	36 │ c b d a 
	37 │ b d c a 
	38 │ a d b c 
	39 │ b a d c 
	40 │ d c b a 
	41 │ b c a d 
	42 │ c b d a 
	43 │ c d a b 
	44 │ a c d b 
	45 │ a c b d 
	46 │ d c a b 
	47 │ a d b c 
	48 │ a c b d 
	49 │ b d a c 
	50 │ d a b c 


1,25.0
2,25.0
3,25.0
4,25.0
5,25.0
6,25.0
7,25.0
8,25.0
9,25.0
10,25.0
11,25.0
12,25.0
13,25.0
14,25.0
15,25.0
16,33.33333333333333
17,33.33333333333333
18,33.33333333333333
19,33.33333333333333
20,33.33333333333333
21,50.0
22,100.0
23,100.0
24,100.0
25,100.0
26,100.0
27,100.0
28,100.0
29,100.0
30,75.0
31,50.0
32,50.0
33,50.0
34,50.0
35,50.0
36,25.0
37,25.0
38,25.0
39,25.0
40,25.0
41,25.0
42,25.0
43,25.0
44,25.0
45,25.0
46,25.0
47,25.0
48,25.0
49,25.0
50,25.0
