Profile:

	 1 │ d a b c 
	 2 │ c d b a 
	 3 │ c d a b 
	 4 │ d b a c 
	 5 │ c b a d 
	 6 │ a c b d 
	 7 │ c a b d 
	 8 │ c b d a 
	 9 │ a c b d 
	10 │ d b c a 
	11 │ a b d c 
	12 │ d c b a 
	13 │ a c d b 
	14 │ a b d c 
	15 │ d c b a 
	16 │ d a c b 
	17 │ c a b d 
	18 │ b a d c 
	19 │ d b a c 
	20 │ b a d c 
	21 │ c b d a 
	22 │ b a c d 
	23 │ d a b c 
	24 │ a b d c 
	25 │ d a c b 
	26 │ b d c a 
	27 │ d a c b 
	28 │ b d a c 
	29 │ b d c a 
	30 │ d c a b 
	31 │ a c b d 
	32 │ d c a b 
	33 │ c a b d 
	34 │ b d a c 
	35 │ d c b a 
	36 │ a d c b 
	37 │ b a c d 
	38 │ c d a b 
	39 │ b a c d 
	40 │ a b c d 
	41 │ b d a c 
	42 │ a c d b 
	43 │ c a b d 
	44 │ c d b a 
	45 │ b d a c 
	46 │ a b d c 
	47 │ b c d a 
	48 │ b a d c 
	49 │ b a c d 
	50 │ b a c d 


1,25.0
2,25.0
3,25.0
4,25.0
5,25.0
6,25.0
7,25.0
8,25.0
9,25.0
10,25.0
11,25.0
12,25.0
13,25.0
14,25.0
15,25.0
16,25.0
17,25.0
18,25.0
19,25.0
20,25.0
21,50.0
22,50.0
23,50.0
24,58.333333333333336
25,91.66666666666666
26,75.0
27,50.0
28,50.0
29,50.0
30,50.0
31,25.0
32,25.0
33,25.0
34,25.0
35,25.0
36,25.0
37,25.0
38,25.0
39,25.0
40,25.0
41,25.0
42,25.0
43,25.0
44,25.0
45,25.0
46,25.0
47,25.0
48,25.0
49,25.0
50,25.0
