Profile:

	 1 │ c a b e d 
	 2 │ a d c b e 
	 3 │ d e b a c 
	 4 │ b a e c d 
	 5 │ d e b a c 
	 6 │ c e a b d 
	 7 │ a e d c b 
	 8 │ c a e b d 
	 9 │ c a d b e 
	10 │ d e a b c 
	11 │ e d a c b 
	12 │ b e a d c 
	13 │ a d b c e 
	14 │ a c d e b 
	15 │ e d a c b 
	16 │ b e a d c 
	17 │ e b d c a 
	18 │ c d e a b 
	19 │ e c a d b 
	20 │ e d c a b 
	21 │ e c b d a 
	22 │ b d e a c 
	23 │ c e a b d 
	24 │ b e d a c 
	25 │ e a b d c 
	26 │ b e a d c 
	27 │ d c b a e 
	28 │ d e b a c 
	29 │ d b a c e 
	30 │ e d c a b 
	31 │ a b c d e 
	32 │ d c a e b 
	33 │ b a c e d 
	34 │ e c b a d 
	35 │ c d b e a 
	36 │ d e b c a 
	37 │ c b e d a 
	38 │ e c d b a 
	39 │ c e d b a 
	40 │ e b c d a 
	41 │ e d c b a 
	42 │ e a d b c 
	43 │ b c a e d 
	44 │ a d e b c 
	45 │ c d b e a 
	46 │ c a b d e 
	47 │ e c b d a 
	48 │ a d b c e 
	49 │ d b e c a 
	50 │ e a d b c 


1,20.0
2,20.0
3,20.0
4,20.0
5,20.0
6,20.0
7,20.0
8,20.0
9,20.0
10,20.0
11,20.0
12,20.0
13,20.0
14,20.0
15,20.0
16,20.0
17,20.0
18,25.0
19,25.0
20,25.0
21,25.0
22,100.0
23,100.0
24,100.0
25,100.0
26,100.0
27,100.0
28,100.0
29,100.0
30,40.0
31,40.0
32,40.0
33,40.0
34,20.0
35,20.0
36,20.0
37,20.0
38,20.0
39,20.0
40,20.0
41,20.0
42,20.0
43,20.0
44,20.0
45,20.0
46,20.0
47,20.0
48,20.0
49,20.0
50,20.0
