Profile:

	 1 │ b a 
	 2 │ a b 
	 3 │ a b 
	 4 │ b a 
	 5 │ b a 
	 6 │ a b 
	 7 │ a b 
	 8 │ a b 
	 9 │ b a 
	10 │ a b 
	11 │ a b 
	12 │ a b 
	13 │ a b 
	14 │ a b 
	15 │ b a 
	16 │ b a 
	17 │ a b 
	18 │ b a 
	19 │ a b 
	20 │ b a 
	21 │ a b 
	22 │ a b 
	23 │ a b 
	24 │ b a 
	25 │ b a 
	26 │ b a 
	27 │ b a 
	28 │ b a 
	29 │ b a 
	30 │ a b 
	31 │ b a 
	32 │ b a 
	33 │ b a 
	34 │ b a 
	35 │ a b 
	36 │ b a 
	37 │ a b 
	38 │ a b 
	39 │ a b 
	40 │ a b 
	41 │ b a 
	42 │ b a 
	43 │ a b 
	44 │ b a 
	45 │ a b 
	46 │ a b 
	47 │ a b 
	48 │ b a 
	49 │ a b 
	50 │ a b 


1,50.0
2,50.0
3,50.0
4,50.0
5,50.0
6,50.0
7,50.0
8,50.0
9,50.0
10,50.0
11,50.0
12,50.0
13,50.0
14,50.0
15,50.0
16,50.0
17,50.0
18,50.0
19,50.0
20,50.0
21,50.0
22,50.0
23,50.0
24,100.0
25,100.0
26,100.0
27,100.0
28,50.0
29,50.0
30,50.0
31,50.0
32,50.0
33,50.0
34,50.0
35,50.0
36,50.0
37,50.0
38,50.0
39,50.0
40,50.0
41,50.0
42,50.0
43,50.0
44,50.0
45,50.0
46,50.0
47,50.0
48,50.0
49,50.0
50,50.0
