Profile:

	 1 │ d c f b a g e 
	 2 │ g c b e a d f 
	 3 │ f c b a g e d 
	 4 │ g b a e c d f 
	 5 │ g a b d e c f 
	 6 │ a c b e g d f 
	 7 │ c g e b a f d 
	 8 │ f b g c d a e 
	 9 │ d f a g e b c 
	10 │ g c e f a d b 
	11 │ g e a d f b c 
	12 │ g c f b e d a 
	13 │ d b e g f c a 
	14 │ f g b c a e d 
	15 │ b d g c e a f 
	16 │ a c b f d e g 
	17 │ d g e b f c a 
	18 │ c g b f e d a 
	19 │ c a g d e f b 
	20 │ f d a e g b c 
	21 │ c g b f e a d 
	22 │ g e a f b d c 
	23 │ c a e f d g b 
	24 │ b d a c f e g 
	25 │ e c g d a b f 
	26 │ c e g a d f b 
	27 │ c d a b f e g 
	28 │ b e f a d g c 
	29 │ d c b e g f a 
	30 │ e d a g f c b 
	31 │ d c b e f a g 
	32 │ d e g c b a f 
	33 │ f e a d c g b 
	34 │ e c g b d f a 
	35 │ d b f c e a g 
	36 │ b f a e c d g 
	37 │ e d b f c a g 
	38 │ f g a e c b d 
	39 │ g e c a d b f 
	40 │ a f b c d e g 
	41 │ a d g f e c b 
	42 │ b d f c g a e 
	43 │ f a e b c g d 
	44 │ e g b f a d c 
	45 │ d f c e b g a 
	46 │ g f b c e a d 
	47 │ e f d c a b g 
	48 │ e f c g d b a 
	49 │ g d e a f b c 
	50 │ a f e d b c g 


1,14.285714285714285
2,14.285714285714285
3,14.285714285714285
4,14.285714285714285
5,14.285714285714285
6,14.285714285714285
7,14.285714285714285
8,14.285714285714285
9,14.285714285714285
10,14.285714285714285
11,14.285714285714285
12,14.285714285714285
13,14.285714285714285
14,14.285714285714285
15,14.285714285714285
16,14.285714285714285
17,14.285714285714285
18,14.285714285714285
19,14.285714285714285
20,14.285714285714285
21,14.285714285714285
22,16.666666666666664
23,20.0
24,15.29761904761905
25,5.833333333333333
26,2.876984126984127
27,0.0
28,32.142857142857146
29,28.57142857142857
30,14.285714285714285
31,14.285714285714285
32,14.285714285714285
33,14.285714285714285
34,14.285714285714285
35,14.285714285714285
36,14.285714285714285
37,14.285714285714285
38,14.285714285714285
39,14.285714285714285
40,14.285714285714285
41,14.285714285714285
42,14.285714285714285
43,14.285714285714285
44,14.285714285714285
45,14.285714285714285
46,14.285714285714285
47,14.285714285714285
48,14.285714285714285
49,14.285714285714285
50,14.285714285714285
