Profile:

	 1 │ c a d b 
	 2 │ b a d c 
	 3 │ b a d c 
	 4 │ a b d c 
	 5 │ b c a d 
	 6 │ c d a b 
	 7 │ d a b c 
	 8 │ d b a c 
	 9 │ d b c a 
	10 │ c d b a 
	11 │ d b c a 
	12 │ c b d a 
	13 │ a b c d 
	14 │ d c b a 
	15 │ c a d b 
	16 │ c a d b 
	17 │ c d a b 
	18 │ b a d c 
	19 │ d b c a 
	20 │ c a b d 
	21 │ d c b a 
	22 │ d b a c 
	23 │ c b d a 
	24 │ d b c a 
	25 │ c b d a 
	26 │ c d a b 
	27 │ a c b d 
	28 │ c b d a 
	29 │ a d c b 
	30 │ a b d c 
	31 │ c b a d 
	32 │ d a b c 
	33 │ d c b a 
	34 │ a c b d 
	35 │ d a c b 
	36 │ c b a d 
	37 │ a c b d 
	38 │ d c b a 
	39 │ c d a b 
	40 │ b a d c 
	41 │ c d b a 
	42 │ b d a c 
	43 │ b d c a 
	44 │ d c a b 
	45 │ a d b c 
	46 │ a c b d 
	47 │ c d a b 
	48 │ b c a d 
	49 │ d a b c 
	50 │ c b d a 


1,25.0
2,25.0
3,25.0
4,25.0
5,25.0
6,25.0
7,25.0
8,25.0
9,25.0
10,25.0
11,25.0
12,25.0
13,25.0
14,25.0
15,25.0
16,25.0
17,25.0
18,25.0
19,25.0
20,25.0
21,33.33333333333333
22,50.0
23,50.0
24,50.0
25,50.0
26,50.0
27,50.0
28,62.5
29,62.5
30,50.0
31,25.0
32,25.0
33,25.0
34,25.0
35,25.0
36,25.0
37,25.0
38,25.0
39,25.0
40,25.0
41,25.0
42,25.0
43,25.0
44,25.0
45,25.0
46,25.0
47,25.0
48,25.0
49,25.0
50,25.0
