Profile:

	 1 │ c d g b f a e 
	 2 │ d g c b a e f 
	 3 │ g b a c f e d 
	 4 │ g e d b f a c 
	 5 │ f b g c d e a 
	 6 │ b e c g f d a 
	 7 │ a d f c g b e 
	 8 │ e f a c d b g 
	 9 │ e g d b a c f 
	10 │ d a c g e f b 
	11 │ c g b a f e d 
	12 │ c a e f d g b 
	13 │ a e g b f c d 
	14 │ e f c d b a g 
	15 │ f e a g d c b 
	16 │ f a d c b g e 
	17 │ c b f d e g a 
	18 │ b d e a g c f 
	19 │ b c e d g a f 
	20 │ a b g e c d f 
	21 │ b g c d e f a 
	22 │ c e b d f a g 
	23 │ d c g a b f e 
	24 │ a c g f d e b 
	25 │ g c f d e b a 
	26 │ b a d g c f e 
	27 │ e b d f c a g 
	28 │ a d b e f c g 
	29 │ d a c b f e g 
	30 │ e f c d g b a 
	31 │ e f a c d g b 
	32 │ f g e a b d c 
	33 │ e c d b g f a 
	34 │ a c f g d e b 
	35 │ a e c d g f b 
	36 │ e d f c a g b 
	37 │ g c b f d e a 
	38 │ g e a c b f d 
	39 │ b g c d f a e 
	40 │ d c b f g a e 
	41 │ c b e f a g d 
	42 │ a e c f b g d 
	43 │ f b e c d a g 
	44 │ e c a g d f b 
	45 │ d f a e b c g 
	46 │ b c a f g d e 
	47 │ f b g c e d a 
	48 │ c a d f e g b 
	49 │ b g a f c e d 
	50 │ g a f c d b e 


1,14.285714285714285
2,14.285714285714285
3,14.285714285714285
4,14.285714285714285
5,14.285714285714285
6,14.285714285714285
7,14.285714285714285
8,14.285714285714285
9,14.285714285714285
10,14.285714285714285
11,14.285714285714285
12,14.285714285714285
13,14.285714285714285
14,14.285714285714285
15,14.285714285714285
16,14.285714285714285
17,14.285714285714285
18,14.285714285714285
19,14.285714285714285
20,14.285714285714285
21,14.285714285714285
22,14.285714285714285
23,0.0
24,0.0
25,0.0
26,0.0
27,0.0
28,0.0
29,14.285714285714285
30,14.285714285714285
31,14.285714285714285
32,14.285714285714285
33,14.285714285714285
34,14.285714285714285
35,14.285714285714285
36,14.285714285714285
37,14.285714285714285
38,14.285714285714285
39,14.285714285714285
40,14.285714285714285
41,14.285714285714285
42,14.285714285714285
43,14.285714285714285
44,14.285714285714285
45,14.285714285714285
46,14.285714285714285
47,14.285714285714285
48,14.285714285714285
49,14.285714285714285
50,14.285714285714285
