Profile:

	 1 │ b c a e d 
	 2 │ d b e c a 
	 3 │ d c e a b 
	 4 │ d c e a b 
	 5 │ b e d a c 
	 6 │ a d b c e 
	 7 │ e c b d a 
	 8 │ c d b a e 
	 9 │ b e d c a 
	10 │ e b d a c 
	11 │ a d b c e 
	12 │ a c e b d 
	13 │ b c a e d 
	14 │ e a c d b 
	15 │ c e a b d 
	16 │ d b c e a 
	17 │ e b c a d 
	18 │ e d b c a 
	19 │ c d b a e 
	20 │ e a d b c 
	21 │ c b e a d 
	22 │ c e a b d 
	23 │ c b a d e 
	24 │ a e d b c 
	25 │ e c a b d 
	26 │ a d e b c 
	27 │ b e c a d 
	28 │ b e c d a 
	29 │ a c b e d 
	30 │ a e b c d 
	31 │ a e c d b 
	32 │ d c b a e 
	33 │ c a e b d 
	34 │ d b e a c 
	35 │ d e b c a 
	36 │ e d b a c 
	37 │ c a d e b 
	38 │ d e a b c 
	39 │ c a b d e 
	40 │ d b e c a 
	41 │ d b a e c 
	42 │ c b a d e 
	43 │ b a e d c 
	44 │ c b d e a 
	45 │ c d a e b 
	46 │ d a b c e 
	47 │ d c e b a 
	48 │ c d b e a 
	49 │ b a c d e 
	50 │ e c b a d 


1,20.0
2,20.0
3,20.0
4,20.0
5,20.0
6,20.0
7,20.0
8,20.0
9,20.0
10,20.0
11,20.0
12,20.0
13,20.0
14,20.0
15,20.0
16,20.0
17,20.0
18,20.0
19,20.0
20,40.0
21,40.0
22,30.0
23,30.0
24,46.666666666666664
25,26.666666666666668
26,20.0
27,46.666666666666664
28,30.0
29,30.0
30,40.0
31,40.0
32,20.0
33,20.0
34,20.0
35,20.0
36,20.0
37,20.0
38,20.0
39,20.0
40,20.0
41,20.0
42,20.0
43,20.0
44,20.0
45,20.0
46,20.0
47,20.0
48,20.0
49,20.0
50,20.0
