Profile:

	 1 │ b f e c d a 
	 2 │ a e d c f b 
	 3 │ b e a f d c 
	 4 │ c f d b a e 
	 5 │ c f b d e a 
	 6 │ c a b f e d 
	 7 │ a c f b d e 
	 8 │ a e f c b d 
	 9 │ d a f b e c 
	10 │ f b d e a c 
	11 │ c f b e d a 
	12 │ a b c f e d 
	13 │ b f e a d c 
	14 │ f a e b d c 
	15 │ a e f d c b 
	16 │ c e a b d f 
	17 │ a d f e b c 
	18 │ f e d a c b 
	19 │ a b d f e c 
	20 │ d c e a b f 
	21 │ c b d e a f 
	22 │ b e a f c d 
	23 │ f b c a e d 
	24 │ e a f b d c 
	25 │ f a c b d e 
	26 │ b d c e f a 
	27 │ e f a d c b 
	28 │ b f d e a c 
	29 │ c f d b a e 
	30 │ c d f e a b 
	31 │ a d b e c f 
	32 │ f b d c e a 
	33 │ b a f c e d 
	34 │ b e f c a d 
	35 │ d a c e f b 
	36 │ a e c f d b 
	37 │ a b c f d e 
	38 │ c e a b d f 
	39 │ b c a d e f 
	40 │ d c e b a f 
	41 │ e a b c f d 
	42 │ b e f a d c 
	43 │ f d b a c e 
	44 │ f a b e c d 
	45 │ d a e c f b 
	46 │ c d a e b f 
	47 │ f e c a d b 
	48 │ b e a d c f 
	49 │ f e d b c a 
	50 │ f d b c e a 


1,16.666666666666664
2,16.666666666666664
3,16.666666666666664
4,16.666666666666664
5,16.666666666666664
6,16.666666666666664
7,16.666666666666664
8,16.666666666666664
9,16.666666666666664
10,16.666666666666664
11,16.666666666666664
12,16.666666666666664
13,16.666666666666664
14,16.666666666666664
15,16.666666666666664
16,16.666666666666664
17,16.666666666666664
18,16.666666666666664
19,16.666666666666664
20,16.666666666666664
21,41.66666666666667
22,38.88888888888889
23,38.88888888888889
24,0.0
25,0.0
26,0.0
27,0.0
28,38.88888888888889
29,38.88888888888889
30,41.66666666666667
31,16.666666666666664
32,16.666666666666664
33,16.666666666666664
34,16.666666666666664
35,16.666666666666664
36,16.666666666666664
37,16.666666666666664
38,16.666666666666664
39,16.666666666666664
40,16.666666666666664
41,16.666666666666664
42,16.666666666666664
43,16.666666666666664
44,16.666666666666664
45,16.666666666666664
46,16.666666666666664
47,16.666666666666664
48,16.666666666666664
49,16.666666666666664
50,16.666666666666664
