Profile:

	 1 │ b a 
	 2 │ a b 
	 3 │ b a 
	 4 │ b a 
	 5 │ a b 
	 6 │ a b 
	 7 │ b a 
	 8 │ b a 
	 9 │ b a 
	10 │ b a 
	11 │ b a 
	12 │ b a 
	13 │ a b 
	14 │ a b 
	15 │ b a 
	16 │ a b 
	17 │ b a 
	18 │ b a 
	19 │ b a 
	20 │ b a 
	21 │ b a 
	22 │ b a 
	23 │ b a 
	24 │ a b 
	25 │ b a 
	26 │ a b 
	27 │ a b 
	28 │ a b 
	29 │ b a 
	30 │ b a 
	31 │ a b 
	32 │ a b 
	33 │ b a 
	34 │ b a 
	35 │ a b 
	36 │ a b 
	37 │ b a 
	38 │ a b 
	39 │ b a 
	40 │ b a 
	41 │ a b 
	42 │ a b 
	43 │ a b 
	44 │ b a 
	45 │ b a 
	46 │ b a 
	47 │ a b 
	48 │ a b 
	49 │ b a 
	50 │ b a 


1,50.0
2,50.0
3,50.0
4,50.0
5,50.0
6,50.0
7,50.0
8,50.0
9,50.0
10,50.0
11,50.0
12,50.0
13,50.0
14,50.0
15,50.0
16,50.0
17,50.0
18,50.0
19,50.0
20,50.0
21,100.0
22,100.0
23,100.0
24,100.0
25,100.0
26,100.0
27,100.0
28,100.0
29,100.0
30,100.0
31,50.0
32,50.0
33,50.0
34,50.0
35,50.0
36,50.0
37,50.0
38,50.0
39,50.0
40,50.0
41,50.0
42,50.0
43,50.0
44,50.0
45,50.0
46,50.0
47,50.0
48,50.0
49,50.0
50,50.0
