Profile:

	 1 │ c f e a d b 
	 2 │ d b f a c e 
	 3 │ e b a c d f 
	 4 │ c f a e b d 
	 5 │ c a e b f d 
	 6 │ e c a b d f 
	 7 │ b f a e c d 
	 8 │ f c d e b a 
	 9 │ f c e d b a 
	10 │ d a f e b c 
	11 │ a d f e c b 
	12 │ a d b c f e 
	13 │ c a f e d b 
	14 │ c e a f b d 
	15 │ e d c b a f 
	16 │ a f d c b e 
	17 │ d b e c a f 
	18 │ d a c e f b 
	19 │ f c b e d a 
	20 │ f e d a c b 
	21 │ a c f b e d 
	22 │ e c f a d b 
	23 │ c a e b d f 
	24 │ f d c e a b 
	25 │ a b c e d f 
	26 │ a b e c d f 
	27 │ e c b d a f 
	28 │ a c f e d b 
	29 │ a b d f c e 
	30 │ b f d e a c 
	31 │ d f a b c e 
	32 │ c f b a d e 
	33 │ a b e f c d 
	34 │ d e f c a b 
	35 │ b d e c a f 
	36 │ b d c f a e 
	37 │ d a c e f b 
	38 │ c f e d b a 
	39 │ e d b f a c 
	40 │ c a d b e f 
	41 │ a b f c d e 
	42 │ b a c d f e 
	43 │ b d e f a c 
	44 │ e d a c b f 
	45 │ e f d c b a 
	46 │ d c e b f a 
	47 │ f a c e d b 
	48 │ f d c a e b 
	49 │ f b a c d e 
	50 │ a b f c e d 


1,16.666666666666664
2,16.666666666666664
3,16.666666666666664
4,16.666666666666664
5,16.666666666666664
6,16.666666666666664
7,16.666666666666664
8,16.666666666666664
9,16.666666666666664
10,16.666666666666664
11,16.666666666666664
12,16.666666666666664
13,16.666666666666664
14,16.666666666666664
15,16.666666666666664
16,16.666666666666664
17,16.666666666666664
18,16.666666666666664
19,16.666666666666664
20,16.666666666666664
21,20.0
22,20.0
23,25.0
24,33.33333333333333
25,100.0
26,100.0
27,39.58333333333333
28,29.86111111111111
29,25.0
30,25.0
31,16.666666666666664
32,16.666666666666664
33,16.666666666666664
34,16.666666666666664
35,16.666666666666664
36,16.666666666666664
37,16.666666666666664
38,16.666666666666664
39,16.666666666666664
40,16.666666666666664
41,16.666666666666664
42,16.666666666666664
43,16.666666666666664
44,16.666666666666664
45,16.666666666666664
46,16.666666666666664
47,16.666666666666664
48,16.666666666666664
49,16.666666666666664
50,16.666666666666664
