Profile:

	 1 │ c b d a 
	 2 │ b c a d 
	 3 │ b d c a 
	 4 │ b d c a 
	 5 │ c b a d 
	 6 │ c d a b 
	 7 │ b d c a 
	 8 │ d b c a 
	 9 │ a b d c 
	10 │ d a b c 
	11 │ a d b c 
	12 │ a d b c 
	13 │ b d c a 
	14 │ d b a c 
	15 │ a c d b 
	16 │ c a d b 
	17 │ c d b a 
	18 │ d c b a 
	19 │ d c a b 
	20 │ a c d b 
	21 │ d c a b 
	22 │ c a b d 
	23 │ c b d a 
	24 │ c a b d 
	25 │ b d a c 
	26 │ d c b a 
	27 │ b d c a 
	28 │ c d a b 
	29 │ c a d b 
	30 │ b c a d 
	31 │ d c b a 
	32 │ d c a b 
	33 │ d b c a 
	34 │ d c a b 
	35 │ a d c b 
	36 │ b a c d 
	37 │ b d c a 
	38 │ a d c b 
	39 │ b d a c 
	40 │ b c d a 
	41 │ d a b c 
	42 │ c b a d 
	43 │ b d c a 
	44 │ b a d c 
	45 │ d c b a 
	46 │ b a d c 
	47 │ a d b c 
	48 │ d c a b 
	49 │ c b a d 
	50 │ b a d c 


1,25.0
2,25.0
3,25.0
4,25.0
5,25.0
6,25.0
7,25.0
8,25.0
9,25.0
10,25.0
11,25.0
12,25.0
13,25.0
14,25.0
15,25.0
16,25.0
17,25.0
18,25.0
19,25.0
20,25.0
21,25.0
22,33.33333333333333
23,33.33333333333333
24,33.33333333333333
25,0.0
26,0.0
27,33.33333333333333
28,33.33333333333333
29,33.33333333333333
30,25.0
31,25.0
32,25.0
33,25.0
34,25.0
35,25.0
36,25.0
37,25.0
38,25.0
39,25.0
40,25.0
41,25.0
42,25.0
43,25.0
44,25.0
45,25.0
46,25.0
47,25.0
48,25.0
49,25.0
50,25.0
