Profile:

	 1 │ b e c d a 
	 2 │ b a e d c 
	 3 │ a d b e c 
	 4 │ a e d c b 
	 5 │ a b d e c 
	 6 │ c e b a d 
	 7 │ d c e a b 
	 8 │ a e b c d 
	 9 │ c e a b d 
	10 │ c b a d e 
	11 │ d b c e a 
	12 │ c a e b d 
	13 │ e a d b c 
	14 │ b c d e a 
	15 │ b d c a e 
	16 │ e b a c d 
	17 │ b e c a d 
	18 │ d e b c a 
	19 │ c e d a b 
	20 │ d c e b a 
	21 │ b e c d a 
	22 │ d b a e c 
	23 │ b e a c d 
	24 │ c a d b e 
	25 │ d c a e b 
	26 │ b e a c d 
	27 │ e c d b a 
	28 │ b a e d c 
	29 │ c a d e b 
	30 │ c a e d b 
	31 │ c b a e d 
	32 │ c d e b a 
	33 │ c b e d a 
	34 │ a d b e c 
	35 │ e c d a b 
	36 │ e c a d b 
	37 │ d b a e c 
	38 │ c e b a d 
	39 │ b e a d c 
	40 │ c d e a b 
	41 │ e b c a d 
	42 │ c d b e a 
	43 │ a e c b d 
	44 │ d a b e c 
	45 │ c a e d b 
	46 │ e d c b a 
	47 │ b a d c e 
	48 │ d b a c e 
	49 │ d a b c e 
	50 │ d e c b a 


1,20.0
2,20.0
3,20.0
4,20.0
5,20.0
6,20.0
7,20.0
8,20.0
9,20.0
10,20.0
11,20.0
12,20.0
13,20.0
14,20.0
15,20.0
16,20.0
17,20.0
18,20.0
19,20.0
20,25.0
21,25.0
22,25.0
23,33.33333333333333
24,33.33333333333333
25,16.666666666666664
26,4.166666666666666
27,44.166666666666664
28,50.0
29,30.0
30,40.0
31,40.0
32,20.0
33,20.0
34,20.0
35,20.0
36,20.0
37,20.0
38,20.0
39,20.0
40,20.0
41,20.0
42,20.0
43,20.0
44,20.0
45,20.0
46,20.0
47,20.0
48,20.0
49,20.0
50,20.0
