Profile:

	 1 │ a c b 
	 2 │ a b c 
	 3 │ c a b 
	 4 │ c b a 
	 5 │ a b c 
	 6 │ a b c 
	 7 │ b a c 
	 8 │ c b a 
	 9 │ a b c 
	10 │ c a b 
	11 │ a c b 
	12 │ c a b 
	13 │ b a c 
	14 │ b a c 
	15 │ b a c 
	16 │ b a c 
	17 │ c b a 
	18 │ b c a 
	19 │ b a c 
	20 │ a c b 
	21 │ c a b 
	22 │ c b a 
	23 │ b c a 
	24 │ b a c 
	25 │ a c b 
	26 │ c b a 
	27 │ a c b 
	28 │ c a b 
	29 │ a b c 
	30 │ c b a 
	31 │ a b c 
	32 │ c b a 
	33 │ a c b 
	34 │ a c b 
	35 │ a c b 
	36 │ b a c 
	37 │ b c a 
	38 │ c b a 
	39 │ c b a 
	40 │ c a b 
	41 │ a c b 
	42 │ b c a 
	43 │ c b a 
	44 │ c a b 
	45 │ c b a 
	46 │ c b a 
	47 │ b c a 
	48 │ b c a 
	49 │ a b c 
	50 │ c a b 


1,33.33333333333333
2,33.33333333333333
3,33.33333333333333
4,33.33333333333333
5,33.33333333333333
6,33.33333333333333
7,33.33333333333333
8,33.33333333333333
9,33.33333333333333
10,33.33333333333333
11,33.33333333333333
12,33.33333333333333
13,33.33333333333333
14,33.33333333333333
15,33.33333333333333
16,33.33333333333333
17,33.33333333333333
18,33.33333333333333
19,33.33333333333333
20,33.33333333333333
21,33.33333333333333
22,50.0
23,50.0
24,50.0
25,100.0
26,100.0
27,66.66666666666666
28,66.66666666666666
29,66.66666666666666
30,33.33333333333333
31,33.33333333333333
32,33.33333333333333
33,33.33333333333333
34,33.33333333333333
35,33.33333333333333
36,33.33333333333333
37,33.33333333333333
38,33.33333333333333
39,33.33333333333333
40,33.33333333333333
41,33.33333333333333
42,33.33333333333333
43,33.33333333333333
44,33.33333333333333
45,33.33333333333333
46,33.33333333333333
47,33.33333333333333
48,33.33333333333333
49,33.33333333333333
50,33.33333333333333
